DEB [20171024-16:38:02.677] thr=1   paramiko.transport: starting thread (client mode): 0xb4536290L
DEB [20171024-16:38:02.677] thr=1   paramiko.transport: Local version/idstring: SSH-2.0-paramiko_2.3.1
DEB [20171024-16:38:02.703] thr=1   paramiko.transport: Remote version/idstring: SSH-2.0-OpenSSH_5.3
INF [20171024-16:38:02.703] thr=1   paramiko.transport: Connected (version 2.0, client OpenSSH_5.3)
DEB [20171024-16:38:02.705] thr=1   paramiko.transport: kex algos:[u'diffie-hellman-group-exchange-sha256', u'diffie-hellman-group-exchange-sha1', u'diffie-hellman-group14-sha1', u'diffie-hellman-group1-sha1'] server key:[u'ssh-rsa', u'ssh-dss'] client encrypt:[u'aes128-ctr', u'aes192-ctr', u'aes256-ctr', u'arcfour256', u'arcfour128', u'aes128-cbc', u'3des-cbc', u'blowfish-cbc', u'cast128-cbc', u'aes192-cbc', u'aes256-cbc', u'arcfour', u'rijndael-cbc@lysator.liu.se'] server encrypt:[u'aes128-ctr', u'aes192-ctr', u'aes256-ctr', u'arcfour256', u'arcfour128', u'aes128-cbc', u'3des-cbc', u'blowfish-cbc', u'cast128-cbc', u'aes192-cbc', u'aes256-cbc', u'arcfour', u'rijndael-cbc@lysator.liu.se'] client mac:[u'hmac-md5', u'hmac-sha1', u'umac-64@openssh.com', u'hmac-sha2-256', u'hmac-sha2-512', u'hmac-ripemd160', u'hmac-ripemd160@openssh.com', u'hmac-sha1-96', u'hmac-md5-96'] server mac:[u'hmac-md5', u'hmac-sha1', u'umac-64@openssh.com', u'hmac-sha2-256', u'hmac-sha2-512', u'hmac-ripemd160', u'hmac-ripemd160@openssh.com', u'hmac-sha1-96', u'hmac-md5-96'] client compress:[u'none', u'zlib@openssh.com'] server compress:[u'none', u'zlib@openssh.com'] client lang:[u''] server lang:[u''] kex follows?False
DEB [20171024-16:38:02.706] thr=1   paramiko.transport: Kex agreed: diffie-hellman-group-exchange-sha256
DEB [20171024-16:38:02.706] thr=1   paramiko.transport: HostKey agreed: ssh-rsa
DEB [20171024-16:38:02.706] thr=1   paramiko.transport: Cipher agreed: aes128-ctr
DEB [20171024-16:38:02.706] thr=1   paramiko.transport: MAC agreed: hmac-sha2-256
DEB [20171024-16:38:02.706] thr=1   paramiko.transport: Compression agreed: none
DEB [20171024-16:38:02.709] thr=1   paramiko.transport: Got server p (2048 bits)
DEB [20171024-16:38:02.830] thr=1   paramiko.transport: kex engine KexGexSHA256 specified hash_algo <built-in function openssl_sha256>
DEB [20171024-16:38:02.830] thr=1   paramiko.transport: Switch to new keys ...
DEB [20171024-16:38:06.861] thr=1   paramiko.transport: userauth is OK
INF [20171024-16:38:06.873] thr=1   paramiko.transport: Authentication (publickey) successful!
DEB [20171024-16:38:06.879] thr=2   paramiko.transport: [chan 0] Max packet in: 32768 bytes
DEB [20171024-16:38:06.880] thr=1   paramiko.transport: [chan 0] Max packet out: 32768 bytes
DEB [20171024-16:38:06.880] thr=1   paramiko.transport: Secsh channel 0 opened.
DEB [20171024-16:38:06.882] thr=1   paramiko.transport: [chan 0] Sesch channel 0 request ok
DEB [20171024-16:38:06.884] thr=1   paramiko.transport: [chan 0] Sesch channel 0 request ok
DEB [20171024-16:38:14.390] thr=2   paramiko.transport: [chan 0] EOF sent (0)
DEB [20171024-16:38:14.393] thr=1   paramiko.transport: [chan 0] EOF received (0)
DEB [20171024-17:25:25.004] thr=1   paramiko.transport: starting thread (client mode): 0x70db5290L
DEB [20171024-17:25:25.004] thr=1   paramiko.transport: Local version/idstring: SSH-2.0-paramiko_2.3.1
DEB [20171024-17:25:25.030] thr=1   paramiko.transport: Remote version/idstring: SSH-2.0-OpenSSH_5.3
INF [20171024-17:25:25.030] thr=1   paramiko.transport: Connected (version 2.0, client OpenSSH_5.3)
DEB [20171024-17:25:25.033] thr=1   paramiko.transport: kex algos:[u'diffie-hellman-group-exchange-sha256', u'diffie-hellman-group-exchange-sha1', u'diffie-hellman-group14-sha1', u'diffie-hellman-group1-sha1'] server key:[u'ssh-rsa', u'ssh-dss'] client encrypt:[u'aes128-ctr', u'aes192-ctr', u'aes256-ctr', u'arcfour256', u'arcfour128', u'aes128-cbc', u'3des-cbc', u'blowfish-cbc', u'cast128-cbc', u'aes192-cbc', u'aes256-cbc', u'arcfour', u'rijndael-cbc@lysator.liu.se'] server encrypt:[u'aes128-ctr', u'aes192-ctr', u'aes256-ctr', u'arcfour256', u'arcfour128', u'aes128-cbc', u'3des-cbc', u'blowfish-cbc', u'cast128-cbc', u'aes192-cbc', u'aes256-cbc', u'arcfour', u'rijndael-cbc@lysator.liu.se'] client mac:[u'hmac-md5', u'hmac-sha1', u'umac-64@openssh.com', u'hmac-sha2-256', u'hmac-sha2-512', u'hmac-ripemd160', u'hmac-ripemd160@openssh.com', u'hmac-sha1-96', u'hmac-md5-96'] server mac:[u'hmac-md5', u'hmac-sha1', u'umac-64@openssh.com', u'hmac-sha2-256', u'hmac-sha2-512', u'hmac-ripemd160', u'hmac-ripemd160@openssh.com', u'hmac-sha1-96', u'hmac-md5-96'] client compress:[u'none', u'zlib@openssh.com'] server compress:[u'none', u'zlib@openssh.com'] client lang:[u''] server lang:[u''] kex follows?False
DEB [20171024-17:25:25.033] thr=1   paramiko.transport: Kex agreed: diffie-hellman-group-exchange-sha256
DEB [20171024-17:25:25.033] thr=1   paramiko.transport: HostKey agreed: ssh-rsa
DEB [20171024-17:25:25.033] thr=1   paramiko.transport: Cipher agreed: aes128-ctr
DEB [20171024-17:25:25.034] thr=1   paramiko.transport: MAC agreed: hmac-sha2-256
DEB [20171024-17:25:25.034] thr=1   paramiko.transport: Compression agreed: none
DEB [20171024-17:25:25.036] thr=1   paramiko.transport: Got server p (2048 bits)
DEB [20171024-17:25:25.160] thr=1   paramiko.transport: kex engine KexGexSHA256 specified hash_algo <built-in function openssl_sha256>
DEB [20171024-17:25:25.161] thr=1   paramiko.transport: Switch to new keys ...
DEB [20171024-17:25:30.916] thr=1   paramiko.transport: userauth is OK
INF [20171024-17:25:30.930] thr=1   paramiko.transport: Authentication (password) successful!
DEB [20171024-17:25:30.935] thr=2   paramiko.transport: [chan 0] Max packet in: 32768 bytes
DEB [20171024-17:25:30.936] thr=1   paramiko.transport: [chan 0] Max packet out: 32768 bytes
DEB [20171024-17:25:30.937] thr=1   paramiko.transport: Secsh channel 0 opened.
DEB [20171024-17:25:30.939] thr=1   paramiko.transport: [chan 0] Sesch channel 0 request ok
DEB [20171024-17:25:30.940] thr=1   paramiko.transport: [chan 0] Sesch channel 0 request ok
DEB [20171024-17:25:47.854] thr=2   paramiko.transport: [chan 0] EOF sent (0)
DEB [20171024-17:25:47.854] thr=1   paramiko.transport: [chan 0] EOF received (0)
DEB [20171024-17:59:32.443] thr=1   paramiko.transport: starting thread (client mode): 0x7b19b290L
DEB [20171024-17:59:32.443] thr=1   paramiko.transport: Local version/idstring: SSH-2.0-paramiko_2.3.1
DEB [20171024-17:59:32.468] thr=1   paramiko.transport: Remote version/idstring: SSH-2.0-OpenSSH_5.3
INF [20171024-17:59:32.468] thr=1   paramiko.transport: Connected (version 2.0, client OpenSSH_5.3)
DEB [20171024-17:59:32.470] thr=1   paramiko.transport: kex algos:[u'diffie-hellman-group-exchange-sha256', u'diffie-hellman-group-exchange-sha1', u'diffie-hellman-group14-sha1', u'diffie-hellman-group1-sha1'] server key:[u'ssh-rsa', u'ssh-dss'] client encrypt:[u'aes128-ctr', u'aes192-ctr', u'aes256-ctr', u'arcfour256', u'arcfour128', u'aes128-cbc', u'3des-cbc', u'blowfish-cbc', u'cast128-cbc', u'aes192-cbc', u'aes256-cbc', u'arcfour', u'rijndael-cbc@lysator.liu.se'] server encrypt:[u'aes128-ctr', u'aes192-ctr', u'aes256-ctr', u'arcfour256', u'arcfour128', u'aes128-cbc', u'3des-cbc', u'blowfish-cbc', u'cast128-cbc', u'aes192-cbc', u'aes256-cbc', u'arcfour', u'rijndael-cbc@lysator.liu.se'] client mac:[u'hmac-md5', u'hmac-sha1', u'umac-64@openssh.com', u'hmac-sha2-256', u'hmac-sha2-512', u'hmac-ripemd160', u'hmac-ripemd160@openssh.com', u'hmac-sha1-96', u'hmac-md5-96'] server mac:[u'hmac-md5', u'hmac-sha1', u'umac-64@openssh.com', u'hmac-sha2-256', u'hmac-sha2-512', u'hmac-ripemd160', u'hmac-ripemd160@openssh.com', u'hmac-sha1-96', u'hmac-md5-96'] client compress:[u'none', u'zlib@openssh.com'] server compress:[u'none', u'zlib@openssh.com'] client lang:[u''] server lang:[u''] kex follows?False
DEB [20171024-17:59:32.470] thr=1   paramiko.transport: Kex agreed: diffie-hellman-group-exchange-sha256
DEB [20171024-17:59:32.470] thr=1   paramiko.transport: HostKey agreed: ssh-rsa
DEB [20171024-17:59:32.471] thr=1   paramiko.transport: Cipher agreed: aes128-ctr
DEB [20171024-17:59:32.471] thr=1   paramiko.transport: MAC agreed: hmac-sha2-256
DEB [20171024-17:59:32.471] thr=1   paramiko.transport: Compression agreed: none
DEB [20171024-17:59:32.473] thr=1   paramiko.transport: Got server p (2048 bits)
DEB [20171024-17:59:32.593] thr=1   paramiko.transport: kex engine KexGexSHA256 specified hash_algo <built-in function openssl_sha256>
DEB [20171024-17:59:32.594] thr=1   paramiko.transport: Switch to new keys ...
DEB [20171024-17:59:41.109] thr=1   paramiko.transport: userauth is OK
INF [20171024-17:59:41.116] thr=1   paramiko.transport: Authentication (publickey) successful!
DEB [20171024-17:59:41.118] thr=2   paramiko.transport: [chan 0] Max packet in: 32768 bytes
DEB [20171024-17:59:41.119] thr=1   paramiko.transport: [chan 0] Max packet out: 32768 bytes
DEB [20171024-17:59:41.119] thr=1   paramiko.transport: Secsh channel 0 opened.
DEB [20171024-17:59:41.121] thr=1   paramiko.transport: [chan 0] Sesch channel 0 request ok
DEB [20171024-17:59:41.122] thr=1   paramiko.transport: [chan 0] Sesch channel 0 request ok
DEB [20171024-18:33:42.457] thr=2   paramiko.transport: [chan 0] EOF sent (0)
DEB [20171024-18:33:42.459] thr=1   paramiko.transport: [chan 0] EOF received (0)
DEB [20171024-18:53:56.792] thr=1   paramiko.transport: starting thread (client mode): 0x94971290L
DEB [20171024-18:53:56.793] thr=1   paramiko.transport: Local version/idstring: SSH-2.0-paramiko_2.3.1
DEB [20171024-18:53:56.820] thr=1   paramiko.transport: Remote version/idstring: SSH-2.0-OpenSSH_5.3
INF [20171024-18:53:56.820] thr=1   paramiko.transport: Connected (version 2.0, client OpenSSH_5.3)
DEB [20171024-18:53:56.822] thr=1   paramiko.transport: kex algos:[u'diffie-hellman-group-exchange-sha256', u'diffie-hellman-group-exchange-sha1', u'diffie-hellman-group14-sha1', u'diffie-hellman-group1-sha1'] server key:[u'ssh-rsa', u'ssh-dss'] client encrypt:[u'aes128-ctr', u'aes192-ctr', u'aes256-ctr', u'arcfour256', u'arcfour128', u'aes128-cbc', u'3des-cbc', u'blowfish-cbc', u'cast128-cbc', u'aes192-cbc', u'aes256-cbc', u'arcfour', u'rijndael-cbc@lysator.liu.se'] server encrypt:[u'aes128-ctr', u'aes192-ctr', u'aes256-ctr', u'arcfour256', u'arcfour128', u'aes128-cbc', u'3des-cbc', u'blowfish-cbc', u'cast128-cbc', u'aes192-cbc', u'aes256-cbc', u'arcfour', u'rijndael-cbc@lysator.liu.se'] client mac:[u'hmac-md5', u'hmac-sha1', u'umac-64@openssh.com', u'hmac-sha2-256', u'hmac-sha2-512', u'hmac-ripemd160', u'hmac-ripemd160@openssh.com', u'hmac-sha1-96', u'hmac-md5-96'] server mac:[u'hmac-md5', u'hmac-sha1', u'umac-64@openssh.com', u'hmac-sha2-256', u'hmac-sha2-512', u'hmac-ripemd160', u'hmac-ripemd160@openssh.com', u'hmac-sha1-96', u'hmac-md5-96'] client compress:[u'none', u'zlib@openssh.com'] server compress:[u'none', u'zlib@openssh.com'] client lang:[u''] server lang:[u''] kex follows?False
DEB [20171024-18:53:56.822] thr=1   paramiko.transport: Kex agreed: diffie-hellman-group-exchange-sha256
DEB [20171024-18:53:56.822] thr=1   paramiko.transport: HostKey agreed: ssh-rsa
DEB [20171024-18:53:56.823] thr=1   paramiko.transport: Cipher agreed: aes128-ctr
DEB [20171024-18:53:56.823] thr=1   paramiko.transport: MAC agreed: hmac-sha2-256
DEB [20171024-18:53:56.823] thr=1   paramiko.transport: Compression agreed: none
DEB [20171024-18:53:56.825] thr=1   paramiko.transport: Got server p (2048 bits)
DEB [20171024-18:53:56.945] thr=1   paramiko.transport: kex engine KexGexSHA256 specified hash_algo <built-in function openssl_sha256>
DEB [20171024-18:53:56.946] thr=1   paramiko.transport: Switch to new keys ...
DEB [20171024-18:54:15.955] thr=1   paramiko.transport: userauth is OK
INF [20171024-18:54:15.969] thr=1   paramiko.transport: Authentication (password) successful!
DEB [20171024-18:54:15.974] thr=2   paramiko.transport: [chan 0] Max packet in: 32768 bytes
DEB [20171024-18:54:15.975] thr=1   paramiko.transport: [chan 0] Max packet out: 32768 bytes
DEB [20171024-18:54:15.975] thr=1   paramiko.transport: Secsh channel 0 opened.
DEB [20171024-18:54:15.976] thr=1   paramiko.transport: [chan 0] Sesch channel 0 request ok
DEB [20171024-18:54:15.977] thr=1   paramiko.transport: [chan 0] Sesch channel 0 request ok
DEB [20171024-18:54:17.816] thr=1   paramiko.transport: EOF in transport thread
DEB [20171024-18:57:08.834] thr=1   paramiko.transport: starting thread (client mode): 0xe6614290L
DEB [20171024-18:57:08.834] thr=1   paramiko.transport: Local version/idstring: SSH-2.0-paramiko_2.3.1
DEB [20171024-18:57:08.863] thr=1   paramiko.transport: Remote version/idstring: SSH-2.0-OpenSSH_5.3
INF [20171024-18:57:08.863] thr=1   paramiko.transport: Connected (version 2.0, client OpenSSH_5.3)
DEB [20171024-18:57:08.866] thr=1   paramiko.transport: kex algos:[u'diffie-hellman-group-exchange-sha256', u'diffie-hellman-group-exchange-sha1', u'diffie-hellman-group14-sha1', u'diffie-hellman-group1-sha1'] server key:[u'ssh-rsa', u'ssh-dss'] client encrypt:[u'aes128-ctr', u'aes192-ctr', u'aes256-ctr', u'arcfour256', u'arcfour128', u'aes128-cbc', u'3des-cbc', u'blowfish-cbc', u'cast128-cbc', u'aes192-cbc', u'aes256-cbc', u'arcfour', u'rijndael-cbc@lysator.liu.se'] server encrypt:[u'aes128-ctr', u'aes192-ctr', u'aes256-ctr', u'arcfour256', u'arcfour128', u'aes128-cbc', u'3des-cbc', u'blowfish-cbc', u'cast128-cbc', u'aes192-cbc', u'aes256-cbc', u'arcfour', u'rijndael-cbc@lysator.liu.se'] client mac:[u'hmac-md5', u'hmac-sha1', u'umac-64@openssh.com', u'hmac-sha2-256', u'hmac-sha2-512', u'hmac-ripemd160', u'hmac-ripemd160@openssh.com', u'hmac-sha1-96', u'hmac-md5-96'] server mac:[u'hmac-md5', u'hmac-sha1', u'umac-64@openssh.com', u'hmac-sha2-256', u'hmac-sha2-512', u'hmac-ripemd160', u'hmac-ripemd160@openssh.com', u'hmac-sha1-96', u'hmac-md5-96'] client compress:[u'none', u'zlib@openssh.com'] server compress:[u'none', u'zlib@openssh.com'] client lang:[u''] server lang:[u''] kex follows?False
DEB [20171024-18:57:08.866] thr=1   paramiko.transport: HostKey agreed: ssh-rsa
DEB [20171024-18:57:08.866] thr=1   paramiko.transport: Cipher agreed: aes128-ctr
DEB [20171024-18:57:08.867] thr=1   paramiko.transport: MAC agreed: hmac-sha2-256
DEB [20171024-18:57:08.867] thr=1   paramiko.transport: Compression agreed: none
DEB [20171024-18:57:08.869] thr=1   paramiko.transport: Got server p (2048 bits)
DEB [20171024-18:57:08.990] thr=1   paramiko.transport: kex engine KexGexSHA256 specified hash_algo <built-in function openssl_sha256>
DEB [20171024-18:57:08.990] thr=1   paramiko.transport: Switch to new keys ...
DEB [20171024-18:57:12.167] thr=1   paramiko.transport: userauth is OK
INF [20171024-18:57:12.181] thr=1   paramiko.transport: Authentication (password) successful!
DEB [20171024-18:57:12.187] thr=2   paramiko.transport: [chan 0] Max packet in: 32768 bytes
DEB [20171024-18:57:12.188] thr=1   paramiko.transport: [chan 0] Max packet out: 32768 bytes
DEB [20171024-18:57:12.188] thr=1   paramiko.transport: Secsh channel 0 opened.
DEB [20171024-18:57:12.190] thr=1   paramiko.transport: [chan 0] Sesch channel 0 request ok
DEB [20171024-18:57:12.191] thr=1   paramiko.transport: [chan 0] Sesch channel 0 request ok
DEB [20171024-18:58:04.656] thr=2   paramiko.transport: [chan 0] EOF sent (0)
DEB [20171024-18:58:04.658] thr=1   paramiko.transport: [chan 0] EOF received (0)
DEB [20171024-19:00:35.774] thr=1   paramiko.transport: starting thread (client mode): 0x9c061290L
DEB [20171024-19:00:35.774] thr=1   paramiko.transport: Local version/idstring: SSH-2.0-paramiko_2.3.1
DEB [20171024-19:00:35.799] thr=1   paramiko.transport: Remote version/idstring: SSH-2.0-OpenSSH_5.3
INF [20171024-19:00:35.799] thr=1   paramiko.transport: Connected (version 2.0, client OpenSSH_5.3)
DEB [20171024-19:00:35.801] thr=1   paramiko.transport: kex algos:[u'diffie-hellman-group-exchange-sha256', u'diffie-hellman-group-exchange-sha1', u'diffie-hellman-group14-sha1', u'diffie-hellman-group1-sha1'] server key:[u'ssh-rsa', u'ssh-dss'] client encrypt:[u'aes128-ctr', u'aes192-ctr', u'aes256-ctr', u'arcfour256', u'arcfour128', u'aes128-cbc', u'3des-cbc', u'blowfish-cbc', u'cast128-cbc', u'aes192-cbc', u'aes256-cbc', u'arcfour', u'rijndael-cbc@lysator.liu.se'] server encrypt:[u'aes128-ctr', u'aes192-ctr', u'aes256-ctr', u'arcfour256', u'arcfour128', u'aes128-cbc', u'3des-cbc', u'blowfish-cbc', u'cast128-cbc', u'aes192-cbc', u'aes256-cbc', u'arcfour', u'rijndael-cbc@lysator.liu.se'] client mac:[u'hmac-md5', u'hmac-sha1', u'umac-64@openssh.com', u'hmac-sha2-256', u'hmac-sha2-512', u'hmac-ripemd160', u'hmac-ripemd160@openssh.com', u'hmac-sha1-96', u'hmac-md5-96'] server mac:[u'hmac-md5', u'hmac-sha1', u'umac-64@openssh.com', u'hmac-sha2-256', u'hmac-sha2-512', u'hmac-ripemd160', u'hmac-ripemd160@openssh.com', u'hmac-sha1-96', u'hmac-md5-96'] client compress:[u'none', u'zlib@openssh.com'] server compress:[u'none', u'zlib@openssh.com'] client lang:[u''] server lang:[u''] kex follows?False
DEB [20171024-19:00:35.802] thr=1   paramiko.transport: Kex agreed: diffie-hellman-group-exchange-sha256
DEB [20171024-19:00:35.802] thr=1   paramiko.transport: HostKey agreed: ssh-rsa
DEB [20171024-19:00:35.802] thr=1   paramiko.transport: Cipher agreed: aes128-ctr
DEB [20171024-19:00:35.802] thr=1   paramiko.transport: MAC agreed: hmac-sha2-256
DEB [20171024-19:00:35.802] thr=1   paramiko.transport: Compression agreed: none
DEB [20171024-19:00:35.803] thr=1   paramiko.transport: Got server p (2048 bits)
DEB [20171024-19:00:35.928] thr=1   paramiko.transport: kex engine KexGexSHA256 specified hash_algo <built-in function openssl_sha256>
DEB [20171024-19:00:35.929] thr=1   paramiko.transport: Switch to new keys ...
DEB [20171024-19:00:39.524] thr=1   paramiko.transport: userauth is OK
INF [20171024-19:00:39.538] thr=1   paramiko.transport: Authentication (password) successful!
DEB [20171024-19:00:39.543] thr=2   paramiko.transport: [chan 0] Max packet in: 32768 bytes
DEB [20171024-19:00:39.544] thr=1   paramiko.transport: [chan 0] Max packet out: 32768 bytes
DEB [20171024-19:00:39.544] thr=1   paramiko.transport: Secsh channel 0 opened.
DEB [20171024-19:00:39.546] thr=1   paramiko.transport: [chan 0] Sesch channel 0 request ok
DEB [20171024-19:00:39.547] thr=1   paramiko.transport: [chan 0] Sesch channel 0 request ok
DEB [20171024-19:03:38.302] thr=2   paramiko.transport: [chan 0] EOF sent (0)
DEB [20171024-19:03:38.303] thr=1   paramiko.transport: [chan 0] EOF received (0)
DEB [20171026-19:54:16.629] thr=1   paramiko.transport: starting thread (client mode): 0x3b4290L
DEB [20171026-19:54:16.660] thr=1   paramiko.transport: Local version/idstring: SSH-2.0-paramiko_2.3.1
DEB [20171026-19:54:16.660] thr=1   paramiko.transport: Remote version/idstring: SSH-2.0-OpenSSH_5.3
INF [20171026-19:54:16.661] thr=1   paramiko.transport: Connected (version 2.0, client OpenSSH_5.3)
DEB [20171026-19:54:16.662] thr=1   paramiko.transport: kex algos:[u'diffie-hellman-group-exchange-sha256', u'diffie-hellman-group-exchange-sha1', u'diffie-hellman-group14-sha1', u'diffie-hellman-group1-sha1'] server key:[u'ssh-rsa', u'ssh-dss'] client encrypt:[u'aes128-ctr', u'aes192-ctr', u'aes256-ctr', u'arcfour256', u'arcfour128', u'aes128-cbc', u'3des-cbc', u'blowfish-cbc', u'cast128-cbc', u'aes192-cbc', u'aes256-cbc', u'arcfour', u'rijndael-cbc@lysator.liu.se'] server encrypt:[u'aes128-ctr', u'aes192-ctr', u'aes256-ctr', u'arcfour256', u'arcfour128', u'aes128-cbc', u'3des-cbc', u'blowfish-cbc', u'cast128-cbc', u'aes192-cbc', u'aes256-cbc', u'arcfour', u'rijndael-cbc@lysator.liu.se'] client mac:[u'hmac-md5', u'hmac-sha1', u'umac-64@openssh.com', u'hmac-sha2-256', u'hmac-sha2-512', u'hmac-ripemd160', u'hmac-ripemd160@openssh.com', u'hmac-sha1-96', u'hmac-md5-96'] server mac:[u'hmac-md5', u'hmac-sha1', u'umac-64@openssh.com', u'hmac-sha2-256', u'hmac-sha2-512', u'hmac-ripemd160', u'hmac-ripemd160@openssh.com', u'hmac-sha1-96', u'hmac-md5-96'] client compress:[u'none', u'zlib@openssh.com'] server compress:[u'none', u'zlib@openssh.com'] client lang:[u''] server lang:[u''] kex follows?False
DEB [20171026-19:54:16.662] thr=1   paramiko.transport: Kex agreed: diffie-hellman-group-exchange-sha256
DEB [20171026-19:54:16.662] thr=1   paramiko.transport: HostKey agreed: ssh-rsa
DEB [20171026-19:54:16.662] thr=1   paramiko.transport: Cipher agreed: aes128-ctr
DEB [20171026-19:54:16.662] thr=1   paramiko.transport: MAC agreed: hmac-sha2-256
DEB [20171026-19:54:16.662] thr=1   paramiko.transport: Compression agreed: none
DEB [20171026-19:54:16.664] thr=1   paramiko.transport: Got server p (2048 bits)
DEB [20171026-19:54:16.787] thr=1   paramiko.transport: kex engine KexGexSHA256 specified hash_algo <built-in function openssl_sha256>
DEB [20171026-19:54:16.788] thr=1   paramiko.transport: Switch to new keys ...
DEB [20171026-19:54:22.007] thr=1   paramiko.transport: userauth is OK
INF [20171026-19:54:22.021] thr=1   paramiko.transport: Authentication (password) successful!
DEB [20171026-19:54:22.026] thr=2   paramiko.transport: [chan 0] Max packet in: 32768 bytes
DEB [20171026-19:54:22.027] thr=1   paramiko.transport: [chan 0] Max packet out: 32768 bytes
DEB [20171026-19:54:22.027] thr=1   paramiko.transport: Secsh channel 0 opened.
DEB [20171026-19:54:22.029] thr=1   paramiko.transport: [chan 0] Sesch channel 0 request ok
DEB [20171026-19:54:22.030] thr=1   paramiko.transport: [chan 0] Sesch channel 0 request ok
DEB [20171026-19:54:30.960] thr=2   paramiko.transport: [chan 0] EOF sent (0)
DEB [20171026-19:54:30.960] thr=1   paramiko.transport: [chan 0] EOF received (0)
DEB [20171026-20:26:37.462] thr=1   paramiko.transport: starting thread (client mode): 0x770e9290L
DEB [20171026-20:26:37.462] thr=1   paramiko.transport: Local version/idstring: SSH-2.0-paramiko_2.3.1
DEB [20171026-20:26:37.488] thr=1   paramiko.transport: Remote version/idstring: SSH-2.0-OpenSSH_5.3
INF [20171026-20:26:37.488] thr=1   paramiko.transport: Connected (version 2.0, client OpenSSH_5.3)
DEB [20171026-20:26:37.490] thr=1   paramiko.transport: kex algos:[u'diffie-hellman-group-exchange-sha256', u'diffie-hellman-group-exchange-sha1', u'diffie-hellman-group14-sha1', u'diffie-hellman-group1-sha1'] server key:[u'ssh-rsa', u'ssh-dss'] client encrypt:[u'aes128-ctr', u'aes192-ctr', u'aes256-ctr', u'arcfour256', u'arcfour128', u'aes128-cbc', u'3des-cbc', u'blowfish-cbc', u'cast128-cbc', u'aes192-cbc', u'aes256-cbc', u'arcfour', u'rijndael-cbc@lysator.liu.se'] server encrypt:[u'aes128-ctr', u'aes192-ctr', u'aes256-ctr', u'arcfour256', u'arcfour128', u'aes128-cbc', u'3des-cbc', u'blowfish-cbc', u'cast128-cbc', u'aes192-cbc', u'aes256-cbc', u'arcfour', u'rijndael-cbc@lysator.liu.se'] client mac:[u'hmac-md5', u'hmac-sha1', u'umac-64@openssh.com', u'hmac-sha2-256', u'hmac-sha2-512', u'hmac-ripemd160', u'hmac-ripemd160@openssh.com', u'hmac-sha1-96', u'hmac-md5-96'] server mac:[u'hmac-md5', u'hmac-sha1', u'umac-64@openssh.com', u'hmac-sha2-256', u'hmac-sha2-512', u'hmac-ripemd160', u'hmac-ripemd160@openssh.com', u'hmac-sha1-96', u'hmac-md5-96'] client compress:[u'none', u'zlib@openssh.com'] server compress:[u'none', u'zlib@openssh.com'] client lang:[u''] server lang:[u''] kex follows?False
DEB [20171026-20:26:37.490] thr=1   paramiko.transport: Kex agreed: diffie-hellman-group-exchange-sha256
DEB [20171026-20:26:37.490] thr=1   paramiko.transport: HostKey agreed: ssh-rsa
DEB [20171026-20:26:37.490] thr=1   paramiko.transport: Cipher agreed: aes128-ctr
DEB [20171026-20:26:37.490] thr=1   paramiko.transport: MAC agreed: hmac-sha2-256
DEB [20171026-20:26:37.491] thr=1   paramiko.transport: Compression agreed: none
DEB [20171026-20:26:37.531] thr=1   paramiko.transport: Got server p (2048 bits)
DEB [20171026-20:26:37.680] thr=1   paramiko.transport: kex engine KexGexSHA256 specified hash_algo <built-in function openssl_sha256>
DEB [20171026-20:26:37.681] thr=1   paramiko.transport: Switch to new keys ...
DEB [20171026-20:26:43.149] thr=1   paramiko.transport: userauth is OK
INF [20171026-20:26:43.163] thr=1   paramiko.transport: Authentication (publickey) successful!
DEB [20171026-20:26:43.167] thr=2   paramiko.transport: [chan 0] Max packet in: 32768 bytes
DEB [20171026-20:26:43.168] thr=1   paramiko.transport: [chan 0] Max packet out: 32768 bytes
DEB [20171026-20:26:43.168] thr=1   paramiko.transport: Secsh channel 0 opened.
DEB [20171026-20:26:43.170] thr=1   paramiko.transport: [chan 0] Sesch channel 0 request ok
DEB [20171026-20:26:43.172] thr=1   paramiko.transport: [chan 0] Sesch channel 0 request ok
DEB [20171026-20:30:38.876] thr=1   paramiko.transport: starting thread (client mode): 0xee2aa290L
DEB [20171026-20:30:38.876] thr=1   paramiko.transport: Local version/idstring: SSH-2.0-paramiko_2.3.1
DEB [20171026-20:30:38.901] thr=1   paramiko.transport: Remote version/idstring: SSH-2.0-OpenSSH_5.3
INF [20171026-20:30:38.901] thr=1   paramiko.transport: Connected (version 2.0, client OpenSSH_5.3)
DEB [20171026-20:30:38.903] thr=1   paramiko.transport: kex algos:[u'diffie-hellman-group-exchange-sha256', u'diffie-hellman-group-exchange-sha1', u'diffie-hellman-group14-sha1', u'diffie-hellman-group1-sha1'] server key:[u'ssh-rsa', u'ssh-dss'] client encrypt:[u'aes128-ctr', u'aes192-ctr', u'aes256-ctr', u'arcfour256', u'arcfour128', u'aes128-cbc', u'3des-cbc', u'blowfish-cbc', u'cast128-cbc', u'aes192-cbc', u'aes256-cbc', u'arcfour', u'rijndael-cbc@lysator.liu.se'] server encrypt:[u'aes128-ctr', u'aes192-ctr', u'aes256-ctr', u'arcfour256', u'arcfour128', u'aes128-cbc', u'3des-cbc', u'blowfish-cbc', u'cast128-cbc', u'aes192-cbc', u'aes256-cbc', u'arcfour', u'rijndael-cbc@lysator.liu.se'] client mac:[u'hmac-md5', u'hmac-sha1', u'umac-64@openssh.com', u'hmac-sha2-256', u'hmac-sha2-512', u'hmac-ripemd160', u'hmac-ripemd160@openssh.com', u'hmac-sha1-96', u'hmac-md5-96'] server mac:[u'hmac-md5', u'hmac-sha1', u'umac-64@openssh.com', u'hmac-sha2-256', u'hmac-sha2-512', u'hmac-ripemd160', u'hmac-ripemd160@openssh.com', u'hmac-sha1-96', u'hmac-md5-96'] client compress:[u'none', u'zlib@openssh.com'] server compress:[u'none', u'zlib@openssh.com'] client lang:[u''] server lang:[u''] kex follows?False
DEB [20171026-20:30:38.903] thr=1   paramiko.transport: Kex agreed: diffie-hellman-group-exchange-sha256
DEB [20171026-20:30:38.904] thr=1   paramiko.transport: HostKey agreed: ssh-rsa
DEB [20171026-20:30:38.904] thr=1   paramiko.transport: Cipher agreed: aes128-ctr
DEB [20171026-20:30:38.904] thr=1   paramiko.transport: MAC agreed: hmac-sha2-256
DEB [20171026-20:30:38.904] thr=1   paramiko.transport: Compression agreed: none
DEB [20171026-20:30:38.906] thr=1   paramiko.transport: Got server p (2048 bits)
DEB [20171026-20:30:39.024] thr=1   paramiko.transport: kex engine KexGexSHA256 specified hash_algo <built-in function openssl_sha256>
DEB [20171026-20:30:39.025] thr=1   paramiko.transport: Switch to new keys ...
DEB [20171026-20:30:42.577] thr=1   paramiko.transport: userauth is OK
INF [20171026-20:30:44.537] thr=1   paramiko.transport: Authentication (password) failed.
DEB [20171026-20:30:44.638] thr=1   paramiko.transport: EOF in transport thread
DEB [20171026-20:30:55.570] thr=1   paramiko.transport: starting thread (client mode): 0x607e5290L
DEB [20171026-20:30:55.570] thr=1   paramiko.transport: Local version/idstring: SSH-2.0-paramiko_2.3.1
DEB [20171026-20:30:55.597] thr=1   paramiko.transport: Remote version/idstring: SSH-2.0-OpenSSH_5.3
INF [20171026-20:30:55.597] thr=1   paramiko.transport: Connected (version 2.0, client OpenSSH_5.3)
DEB [20171026-20:30:55.599] thr=1   paramiko.transport: kex algos:[u'diffie-hellman-group-exchange-sha256', u'diffie-hellman-group-exchange-sha1', u'diffie-hellman-group14-sha1', u'diffie-hellman-group1-sha1'] server key:[u'ssh-rsa', u'ssh-dss'] client encrypt:[u'aes128-ctr', u'aes192-ctr', u'aes256-ctr', u'arcfour256', u'arcfour128', u'aes128-cbc', u'3des-cbc', u'blowfish-cbc', u'cast128-cbc', u'aes192-cbc', u'aes256-cbc', u'arcfour', u'rijndael-cbc@lysator.liu.se'] server encrypt:[u'aes128-ctr', u'aes192-ctr', u'aes256-ctr', u'arcfour256', u'arcfour128', u'aes128-cbc', u'3des-cbc', u'blowfish-cbc', u'cast128-cbc', u'aes192-cbc', u'aes256-cbc', u'arcfour', u'rijndael-cbc@lysator.liu.se'] client mac:[u'hmac-md5', u'hmac-sha1', u'umac-64@openssh.com', u'hmac-sha2-256', u'hmac-sha2-512', u'hmac-ripemd160', u'hmac-ripemd160@openssh.com', u'hmac-sha1-96', u'hmac-md5-96'] server mac:[u'hmac-md5', u'hmac-sha1', u'umac-64@openssh.com', u'hmac-sha2-256', u'hmac-sha2-512', u'hmac-ripemd160', u'hmac-ripemd160@openssh.com', u'hmac-sha1-96', u'hmac-md5-96'] client compress:[u'none', u'zlib@openssh.com'] server compress:[u'none', u'zlib@openssh.com'] client lang:[u''] server lang:[u''] kex follows?False
DEB [20171026-20:30:55.599] thr=1   paramiko.transport: Kex agreed: diffie-hellman-group-exchange-sha256
DEB [20171026-20:30:55.599] thr=1   paramiko.transport: HostKey agreed: ssh-rsa
DEB [20171026-20:30:55.600] thr=1   paramiko.transport: Cipher agreed: aes128-ctr
DEB [20171026-20:30:55.600] thr=1   paramiko.transport: MAC agreed: hmac-sha2-256
DEB [20171026-20:30:55.600] thr=1   paramiko.transport: Compression agreed: none
DEB [20171026-20:30:55.602] thr=1   paramiko.transport: Got server p (2048 bits)
DEB [20171026-20:30:55.770] thr=1   paramiko.transport: kex engine KexGexSHA256 specified hash_algo <built-in function openssl_sha256>
DEB [20171026-20:30:55.771] thr=1   paramiko.transport: Switch to new keys ...
DEB [20171026-20:31:03.915] thr=1   paramiko.transport: userauth is OK
INF [20171026-20:31:03.923] thr=1   paramiko.transport: Authentication (publickey) successful!
DEB [20171026-20:31:03.932] thr=2   paramiko.transport: [chan 0] Max packet in: 32768 bytes
DEB [20171026-20:31:03.932] thr=1   paramiko.transport: [chan 0] Max packet out: 32768 bytes
DEB [20171026-20:31:03.932] thr=1   paramiko.transport: Secsh channel 0 opened.
DEB [20171026-20:31:03.934] thr=1   paramiko.transport: [chan 0] Sesch channel 0 request ok
DEB [20171026-20:31:03.935] thr=1   paramiko.transport: [chan 0] Sesch channel 0 request ok
DEB [20171026-20:31:15.202] thr=2   paramiko.transport: [chan 0] EOF sent (0)
DEB [20171026-20:31:15.204] thr=1   paramiko.transport: [chan 0] EOF received (0)
DEB [20171026-20:31:15.307] thr=1   paramiko.transport: EOF in transport thread
